TN:
SF:/home/eii/Bureau/Escape_game/escapegameproject/Model/object.c
FN:9,createObject
FNDA:14,createObject
FN:18,freeObject
FNDA:283,freeObject
FN:23,createDoor
FNDA:19,createDoor
FN:32,changeAccess
FNDA:2,changeAccess
FN:39,freeDoor
FNDA:284,freeDoor
FN:48,CreateRoom
FNDA:13,CreateRoom
FN:64,CreateFraming
FNDA:14,CreateFraming
FN:79,printRoom
FNDA:4,printRoom
FN:103,deleteFraming
FNDA:8,deleteFraming
FN:120,deleteRoom
FNDA:7,deleteRoom
FN:126,addObject
FNDA:16,addObject
FN:137,addDoor
FNDA:19,addDoor
FN:150,isInteractionPossible
FNDA:6,isInteractionPossible
DA:9,14
DA:10,14
DA:11,14
DA:12,14
DA:13,14
DA:14,14
DA:15,14
DA:16,14
DA:18,283
DA:19,283
DA:20,283
DA:23,19
DA:24,19
DA:25,19
DA:26,19
DA:27,19
DA:28,19
DA:29,19
DA:30,19
DA:32,2
DA:33,2
DA:34,1
DA:36,1
DA:38,2
DA:39,284
DA:40,284
DA:41,284
DA:48,13
DA:49,13
DA:50,13
DA:51,13
DA:52,13
DA:53,13
DA:54,13
DA:55,13
DA:56,13
DA:57,13
DA:58,13
DA:59,13
DA:60,13
DA:61,13
DA:62,13
DA:64,14
DA:65,14
DA:67,70
DA:68,56
DA:69,560
DA:70,504
DA:71,504
DA:72,504
DA:73,504
DA:76,14
DA:79,4
DA:80,4
DA:81,4
DA:82,4
DA:85,20
DA:86,160
DA:87,144
DA:88,144
DA:89,7
DA:90,137
DA:91,7
DA:93,130
DA:96,16
DA:99,4
DA:103,8
DA:105,8
DA:106,40
DA:107,320
DA:108,288
DA:109,282
DA:111,288
DA:112,282
DA:116,40
DA:117,32
DA:118,8
DA:119,8
DA:120,7
DA:121,7
DA:122,7
DA:123,7
DA:126,16
DA:127,16
DA:128,2
DA:129,14
DA:130,1
DA:133,13
DA:135,16
DA:137,19
DA:139,19
DA:140,18
DA:141,1
DA:143,17
DA:146,1
DA:148,19
DA:150,6
DA:151,6
DA:153,6
DA:154,6
DA:156,6
DA:157,3
DA:158,3
DA:159,1
DA:161,2
DA:164,6
end_of_record
TN:
SF:/home/eii/Bureau/Escape_game/escapegameproject/Model/file.c
FN:6,openFileRead
FNDA:12,openFileRead
FN:17,closeFile
FNDA:8,closeFile
FN:24,readFileLine
FNDA:70,readFileLine
FN:31,readRoomFile
FNDA:5,readRoomFile
FN:71,readRoomFileLine
FNDA:22,readRoomFileLine
FN:102,readGraphFile
FNDA:4,readGraphFile
FN:127,readGraphFileLine
FNDA:27,readGraphFileLine
FN:163,associateRoomWithVertexList
FNDA:3,associateRoomWithVertexList
DA:6,12
DA:10,12
DA:11,12
DA:12,12
DA:13,1
DA:15,12
DA:17,8
DA:21,8
DA:22,8
DA:24,70
DA:28,70
DA:31,5
DA:36,5
DA:37,5
DA:38,5
DA:40,5
DA:41,5
DA:42,5
DA:43,1
DA:44,1
DA:47,4
DA:48,4
DA:49,4
DA:51,4
DA:52,4
DA:53,4
DA:55,4
DA:57,4
DA:59,4
DA:61,22
DA:62,18
DA:63,18
DA:65,4
DA:66,4
DA:68,4
DA:71,22
DA:76,22
DA:78,22
DA:80,22
DA:81,9
DA:82,9
DA:85,9
DA:87,9
DA:88,13
DA:89,9
DA:90,9
DA:93,9
DA:94,9
DA:97,4
DA:99,22
DA:100,22
DA:102,4
DA:107,4
DA:108,4
DA:109,4
DA:110,4
DA:112,4
DA:113,4
DA:114,4
DA:115,1
DA:116,1
DA:118,25
DA:119,22
DA:120,22
DA:122,3
DA:123,3
DA:124,3
DA:125,3
DA:127,27
DA:132,27
DA:134,27
DA:137,27
DA:138,13
DA:141,13
DA:143,13
DA:145,14
DA:146,13
DA:147,13
DA:148,13
DA:150,13
DA:152,13
DA:153,13
DA:155,13
DA:158,1
DA:160,27
DA:161,27
DA:163,3
DA:164,3
DA:165,3
DA:166,3
end_of_record
TN:
SF:/home/eii/Bureau/Escape_game/escapegameproject/Model/graph.c
FN:16,initEdgeList
FNDA:79,initEdgeList
FN:26,isEmptyEdgeList
FNDA:131,isEmptyEdgeList
FN:32,insertFirstEdge
FNDA:11,insertFirstEdge
FN:51,insertLastEdge
FNDA:55,insertLastEdge
FN:75,setOnFirstEdge
FNDA:17,setOnFirstEdge
FN:83,setOnLastEdge
FNDA:1,setOnLastEdge
FN:91,setOnNextEdge
FNDA:25,setOnNextEdge
FN:100,findEdge
FNDA:6,findEdge
FN:120,printEdgeList
FNDA:13,printEdgeList
FN:138,deleteFirstEdge
FNDA:29,deleteFirstEdge
FN:155,deleteEdgeList
FNDA:15,deleteEdgeList
FN:174,initGraph
FNDA:26,initGraph
FN:187,isEmptyVertexList
FNDA:207,isEmptyVertexList
FN:193,insertFirstVertex
FNDA:31,insertFirstVertex
FN:216,insertLastVertex
FNDA:33,insertLastVertex
FN:240,addLink
FNDA:24,addLink
FN:251,setOnFirstVertex
FNDA:96,setOnFirstVertex
FN:259,setOnLastVertex
FNDA:2,setOnLastVertex
FN:267,setOnNextVertex
FNDA:117,setOnNextVertex
FN:275,setOnPreviousVertex
FNDA:1,setOnPreviousVertex
FN:283,findVertex
FNDA:80,findVertex
FN:302,printGraph
FNDA:4,printGraph
FN:322,deleteFirstVertex
FNDA:38,deleteFirstVertex
FN:340,deleteGraph
FNDA:18,deleteGraph
FN:357,changeStateAccess
FNDA:5,changeStateAccess
FN:379,changeRoom
FNDA:4,changeRoom
FN:388,SolvedEnigma
FNDA:5,SolvedEnigma
FN:398,freeStateMachine
FNDA:1,freeStateMachine
DA:16,79
DA:20,79
DA:21,79
DA:22,79
DA:23,79
DA:25,79
DA:26,131
DA:30,131
DA:32,11
DA:37,11
DA:38,11
DA:39,11
DA:40,11
DA:42,2
DA:43,2
DA:44,2
DA:47,9
DA:48,9
DA:50,11
DA:51,55
DA:56,55
DA:57,55
DA:58,55
DA:59,55
DA:61,35
DA:62,35
DA:63,35
DA:66,20
DA:67,20
DA:68,20
DA:70,55
DA:75,17
DA:79,17
DA:80,17
DA:82,17
DA:83,1
DA:87,1
DA:88,1
DA:90,1
DA:91,25
DA:95,25
DA:96,25
DA:98,25
DA:100,6
DA:105,6
DA:106,6
DA:107,12
DA:108,11
DA:109,5
DA:111,6
DA:114,1
DA:120,13
DA:126,13
DA:127,9
DA:128,27
DA:129,18
DA:130,18
DA:133,13
DA:138,29
DA:143,29
DA:144,13
DA:145,13
DA:146,13
DA:147,13
DA:148,13
DA:150,16
DA:151,16
DA:152,16
DA:154,29
DA:155,15
DA:159,42
DA:160,27
DA:162,15
DA:163,15
DA:174,26
DA:179,26
DA:180,26
DA:181,26
DA:182,26
DA:183,26
DA:185,26
DA:187,207
DA:191,207
DA:193,31
DA:198,31
DA:199,31
DA:200,31
DA:201,31
DA:203,31
DA:204,31
DA:205,31
DA:206,16
DA:207,16
DA:208,16
DA:209,16
DA:211,15
DA:212,15
DA:213,15
DA:215,31
DA:216,33
DA:221,33
DA:222,33
DA:223,33
DA:224,33
DA:226,33
DA:227,33
DA:228,33
DA:229,7
DA:230,7
DA:231,7
DA:232,7
DA:234,26
DA:235,26
DA:236,26
DA:237,26
DA:239,33
DA:240,24
DA:245,24
DA:246,24
DA:251,96
DA:255,96
DA:256,96
DA:258,96
DA:259,2
DA:263,2
DA:264,2
DA:266,2
DA:267,117
DA:271,117
DA:272,117
DA:274,117
DA:275,1
DA:279,1
DA:280,1
DA:282,1
DA:283,80
DA:288,80
DA:289,80
DA:290,180
DA:291,179
DA:292,79
DA:294,100
DA:297,1
DA:302,4
DA:309,4
DA:310,4
DA:311,16
DA:312,12
DA:313,12
DA:314,12
DA:317,4
DA:322,38
DA:327,38
DA:328,16
DA:329,16
DA:330,16
DA:331,16
DA:332,16
DA:334,22
DA:335,22
DA:336,22
DA:337,22
DA:339,38
DA:340,18
DA:344,54
DA:345,36
DA:347,18
DA:348,18
DA:357,5
DA:363,5
DA:364,2
DA:365,3
DA:366,1
DA:369,2
DA:370,2
DA:372,2
DA:373,2
DA:375,2
DA:379,4
DA:380,4
DA:381,2
DA:382,2
DA:383,2
DA:385,2
DA:388,5
DA:392,5
DA:393,5
DA:394,5
DA:398,1
DA:399,1
DA:400,1
DA:401,4
DA:402,3
DA:403,2
DA:404,2
DA:406,3
DA:407,3
DA:410,1
DA:411,1
end_of_record
TN:
SF:/home/eii/Bureau/Escape_game/escapegameproject/Model/model.c
FN:7,CreatePersonage
FNDA:20,CreatePersonage
FN:14,DeletePersonage
FNDA:16,DeletePersonage
FN:18,move_up
FNDA:4,move_up
FN:22,move_down
FNDA:4,move_down
FN:26,move_left
FNDA:4,move_left
FN:29,move_right
FNDA:4,move_right
DA:7,20
DA:8,20
DA:9,20
DA:10,20
DA:11,20
DA:14,16
DA:15,16
DA:16,16
DA:18,4
DA:19,4
DA:21,4
DA:22,4
DA:23,4
DA:25,4
DA:26,4
DA:27,4
DA:28,4
DA:29,4
DA:30,4
DA:31,4
end_of_record
