TN:
SF:/home/gracesheenxinran/escapegameproject/Model/graph.c
FN:16,initEdgeList
FNDA:79,initEdgeList
FN:26,isEmptyEdgeList
FNDA:131,isEmptyEdgeList
FN:32,insertFirstEdge
FNDA:11,insertFirstEdge
FN:51,insertLastEdge
FNDA:55,insertLastEdge
FN:75,setOnFirstEdge
FNDA:17,setOnFirstEdge
FN:83,setOnLastEdge
FNDA:1,setOnLastEdge
FN:91,setOnNextEdge
FNDA:25,setOnNextEdge
FN:100,findEdge
FNDA:6,findEdge
FN:120,printEdgeList
FNDA:13,printEdgeList
FN:138,deleteFirstEdge
FNDA:29,deleteFirstEdge
FN:157,deleteEdgeList
FNDA:15,deleteEdgeList
FN:176,initGraph
FNDA:26,initGraph
FN:189,isEmptyVertexList
FNDA:207,isEmptyVertexList
FN:195,insertFirstVertex
FNDA:31,insertFirstVertex
FN:218,insertLastVertex
FNDA:33,insertLastVertex
FN:242,addLink
FNDA:24,addLink
FN:253,setOnFirstVertex
FNDA:96,setOnFirstVertex
FN:261,setOnLastVertex
FNDA:2,setOnLastVertex
FN:269,setOnNextVertex
FNDA:117,setOnNextVertex
FN:277,setOnPreviousVertex
FNDA:1,setOnPreviousVertex
FN:285,findVertex
FNDA:80,findVertex
FN:304,printGraph
FNDA:4,printGraph
FN:324,deleteFirstVertex
FNDA:38,deleteFirstVertex
FN:344,deleteGraph
FNDA:18,deleteGraph
FN:361,changeStateAccess
FNDA:5,changeStateAccess
FN:383,changeRoom
FNDA:4,changeRoom
FN:392,SolvedEnigma
FNDA:5,SolvedEnigma
FN:402,freeStateMachine
FNDA:1,freeStateMachine
DA:16,79
DA:20,79
DA:21,79
DA:22,79
DA:23,79
DA:25,79
DA:26,131
DA:30,131
DA:32,11
DA:37,11
DA:38,11
DA:39,11
DA:40,11
DA:42,2
DA:43,2
DA:44,2
DA:47,9
DA:48,9
DA:50,11
DA:51,55
DA:56,55
DA:57,55
DA:58,55
DA:59,55
DA:61,35
DA:62,35
DA:63,35
DA:66,20
DA:67,20
DA:68,20
DA:70,55
DA:75,17
DA:79,17
DA:80,17
DA:82,17
DA:83,1
DA:87,1
DA:88,1
DA:90,1
DA:91,25
DA:95,25
DA:96,25
DA:98,25
DA:100,6
DA:105,6
DA:106,6
DA:107,12
DA:108,11
DA:109,5
DA:111,6
DA:114,1
DA:120,13
DA:126,13
DA:127,9
DA:128,27
DA:129,18
DA:130,18
DA:133,13
DA:138,29
DA:143,29
DA:144,13
DA:145,13
DA:146,13
DA:147,13
DA:148,13
DA:149,13
DA:151,16
DA:152,16
DA:153,16
DA:154,16
DA:156,29
DA:157,15
DA:161,42
DA:162,27
DA:164,15
DA:165,15
DA:176,26
DA:181,26
DA:182,26
DA:183,26
DA:184,26
DA:185,26
DA:187,26
DA:189,207
DA:193,207
DA:195,31
DA:200,31
DA:201,31
DA:202,31
DA:203,31
DA:205,31
DA:206,31
DA:207,31
DA:208,16
DA:209,16
DA:210,16
DA:211,16
DA:213,15
DA:214,15
DA:215,15
DA:217,31
DA:218,33
DA:223,33
DA:224,33
DA:225,33
DA:226,33
DA:228,33
DA:229,33
DA:230,33
DA:231,7
DA:232,7
DA:233,7
DA:234,7
DA:236,26
DA:237,26
DA:238,26
DA:239,26
DA:241,33
DA:242,24
DA:247,24
DA:248,24
DA:253,96
DA:257,96
DA:258,96
DA:260,96
DA:261,2
DA:265,2
DA:266,2
DA:268,2
DA:269,117
DA:273,117
DA:274,117
DA:276,117
DA:277,1
DA:281,1
DA:282,1
DA:284,1
DA:285,80
DA:290,80
DA:291,80
DA:292,180
DA:293,179
DA:294,79
DA:296,100
DA:299,1
DA:304,4
DA:311,4
DA:312,4
DA:313,16
DA:314,12
DA:315,12
DA:316,12
DA:319,4
DA:324,38
DA:329,38
DA:330,16
DA:331,16
DA:332,16
DA:333,16
DA:334,16
DA:335,16
DA:337,22
DA:338,22
DA:339,22
DA:340,22
DA:341,22
DA:343,38
DA:344,18
DA:348,54
DA:349,36
DA:351,18
DA:352,18
DA:361,5
DA:367,5
DA:368,2
DA:369,3
DA:370,1
DA:373,2
DA:374,2
DA:376,2
DA:377,2
DA:379,2
DA:383,4
DA:384,4
DA:385,2
DA:386,2
DA:387,2
DA:389,2
DA:392,5
DA:396,5
DA:397,5
DA:398,5
DA:402,1
DA:403,1
DA:404,1
DA:405,4
DA:406,3
DA:407,2
DA:408,2
DA:410,3
DA:411,3
DA:414,1
DA:415,1
end_of_record
TN:
SF:/home/gracesheenxinran/escapegameproject/Model/object.c
FN:9,createObject
FNDA:18,createObject
FN:18,freeObject
FNDA:12,freeObject
FN:25,createDoor
FNDA:21,createDoor
FN:34,changeAccess
FNDA:2,changeAccess
FN:41,freeDoor
FNDA:11,freeDoor
FN:52,CreateRoom
FNDA:14,CreateRoom
FN:68,CreateFraming
FNDA:15,CreateFraming
FN:83,printRoom
FNDA:5,printRoom
FN:107,deleteFraming
FNDA:10,deleteFraming
FN:124,deleteRoom
FNDA:9,deleteRoom
FN:132,addObject
FNDA:20,addObject
FN:143,addDoor
FNDA:21,addDoor
FN:156,isInteractionPossible
FNDA:6,isInteractionPossible
DA:9,18
DA:10,18
DA:11,18
DA:12,18
DA:13,18
DA:14,18
DA:15,18
DA:16,18
DA:18,12
DA:19,12
DA:20,12
DA:21,12
DA:22,12
DA:25,21
DA:26,21
DA:27,21
DA:28,21
DA:29,21
DA:30,21
DA:31,21
DA:32,21
DA:34,2
DA:35,2
DA:36,1
DA:38,1
DA:40,2
DA:41,11
DA:42,11
DA:43,11
DA:44,11
DA:45,11
DA:52,14
DA:53,14
DA:54,14
DA:55,14
DA:56,14
DA:57,14
DA:58,14
DA:59,14
DA:60,14
DA:61,14
DA:62,14
DA:63,14
DA:64,14
DA:65,14
DA:66,14
DA:68,15
DA:69,15
DA:71,75
DA:72,60
DA:73,600
DA:74,540
DA:75,540
DA:76,540
DA:77,540
DA:80,15
DA:83,5
DA:84,5
DA:85,5
DA:86,5
DA:89,25
DA:90,200
DA:91,180
DA:92,180
DA:93,11
DA:94,169
DA:95,9
DA:97,160
DA:100,20
DA:103,5
DA:107,10
DA:109,10
DA:110,50
DA:111,400
DA:112,360
DA:113,11
DA:115,360
DA:116,9
DA:120,50
DA:121,40
DA:122,10
DA:123,10
DA:124,9
DA:125,9
DA:126,9
DA:127,9
DA:128,9
DA:129,9
DA:132,20
DA:133,20
DA:134,2
DA:135,18
DA:136,1
DA:139,17
DA:141,20
DA:143,21
DA:145,21
DA:146,20
DA:147,1
DA:149,19
DA:152,1
DA:154,21
DA:156,6
DA:157,6
DA:159,6
DA:160,6
DA:162,6
DA:163,3
DA:164,3
DA:165,1
DA:167,2
DA:170,6
end_of_record
TN:
SF:/home/gracesheenxinran/escapegameproject/Model/file.c
FN:6,openFileRead
FNDA:12,openFileRead
FN:17,closeFile
FNDA:8,closeFile
FN:24,readFileLine
FNDA:70,readFileLine
FN:31,readRoomFile
FNDA:5,readRoomFile
FN:71,readRoomFileLine
FNDA:22,readRoomFileLine
FN:102,readGraphFile
FNDA:4,readGraphFile
FN:127,readGraphFileLine
FNDA:27,readGraphFileLine
FN:163,associateRoomWithVertexList
FNDA:3,associateRoomWithVertexList
DA:6,12
DA:10,12
DA:11,12
DA:12,12
DA:13,1
DA:15,12
DA:17,8
DA:21,8
DA:22,8
DA:24,70
DA:28,70
DA:31,5
DA:36,5
DA:37,5
DA:38,5
DA:40,5
DA:41,5
DA:42,5
DA:43,1
DA:44,1
DA:47,4
DA:48,4
DA:49,4
DA:51,4
DA:52,4
DA:53,4
DA:55,4
DA:57,4
DA:59,4
DA:61,22
DA:62,18
DA:63,18
DA:65,4
DA:66,4
DA:68,4
DA:71,22
DA:76,22
DA:78,22
DA:80,22
DA:81,9
DA:82,9
DA:85,9
DA:87,9
DA:88,13
DA:89,9
DA:90,9
DA:93,9
DA:94,9
DA:97,4
DA:99,22
DA:100,22
DA:102,4
DA:107,4
DA:108,4
DA:109,4
DA:110,4
DA:112,4
DA:113,4
DA:114,4
DA:115,1
DA:116,1
DA:118,25
DA:119,22
DA:120,22
DA:122,3
DA:123,3
DA:124,3
DA:125,3
DA:127,27
DA:132,27
DA:134,27
DA:137,27
DA:138,13
DA:141,13
DA:143,13
DA:145,14
DA:146,13
DA:147,13
DA:148,13
DA:150,13
DA:152,13
DA:153,13
DA:155,13
DA:158,1
DA:160,27
DA:161,27
DA:163,3
DA:164,3
DA:165,3
DA:166,3
end_of_record
TN:
SF:/home/gracesheenxinran/escapegameproject/Model/model.c
FN:7,CreatePersonage
FNDA:5,CreatePersonage
FN:14,DeletePersonage
FNDA:4,DeletePersonage
FN:18,move_up
FNDA:1,move_up
FN:22,move_down
FNDA:1,move_down
FN:26,move_left
FNDA:1,move_left
FN:29,move_right
FNDA:1,move_right
DA:7,5
DA:8,5
DA:9,5
DA:10,5
DA:11,5
DA:14,4
DA:15,4
DA:16,4
DA:18,1
DA:19,1
DA:21,1
DA:22,1
DA:23,1
DA:25,1
DA:26,1
DA:27,1
DA:28,1
DA:29,1
DA:30,1
DA:31,1
end_of_record
